<?xml version="1.0" encoding="UTF-8"?>
<testng-results skipped="0" failed="0" total="1" passed="1">
  <reporter-output>
  </reporter-output>
  <suite name="Default suite" duration-ms="7917" started-at="2016-09-11T01:31:35Z" finished-at="2016-09-11T01:31:43Z">
    <groups>
    </groups>
    <test name="Default test" duration-ms="7917" started-at="2016-09-11T01:31:35Z" finished-at="2016-09-11T01:31:43Z">
      <class name="test.NewTest">
        <test-method status="PASS" signature="inital()[pri:0, instance:test.NewTest@2c1b3114]" name="inital" is-config="true" duration-ms="2569" started-at="2016-09-11T09:31:35Z" finished-at="2016-09-11T09:31:37Z">
          <reporter-output>
          </reporter-output>
        </test-method> <!-- inital -->
        <test-method status="PASS" signature="testcase1()[pri:0, instance:test.NewTest@2c1b3114]" name="testcase1" duration-ms="5321" started-at="2016-09-11T09:31:37Z" finished-at="2016-09-11T09:31:43Z">
          <reporter-output>
          </reporter-output>
        </test-method> <!-- testcase1 -->
        <test-method status="PASS" signature="quit()[pri:0, instance:test.NewTest@2c1b3114]" name="quit" is-config="true" duration-ms="0" started-at="2016-09-11T09:31:43Z" finished-at="2016-09-11T09:31:43Z">
          <reporter-output>
          </reporter-output>
        </test-method> <!-- quit -->
      </class> <!-- test.NewTest -->
    </test> <!-- Default test -->
  </suite> <!-- Default suite -->
</testng-results>
